<tr><td>4327247151254</td><td>2021-12-20T13:05:12.145Z	</td><td>ERROR - Couldn't refund order</td><td>Quantity cannot refund more items than were purchased</td></tr>
<tr><td>4340454916246</td><td>2021-12-22T12:50:34.027Z	</td><td>ERROR - Couldn't refund order</td><td>Refund amount 90,00€ is greater than net payment received 25,00€</td></tr>
<tr><td>4338747277462</td><td>2021-12-20T13:20:27.350Z	</td><td>ERROR - Couldn't refund order</td><td>Quantity cannot refund more items than were purchased</td></tr>
<tr><td>4341559984278</td><td>2021-12-22T12:55:13.142Z	</td><td>ERROR - Couldn't refund order</td><td>Quantity cannot refund more items than were purchased</td></tr>
<tr><td>4334101004438</td><td>2021-12-20T13:10:16.497Z	</td><td>ERROR - Couldn't refund order</td><td>Quantity cannot refund more items than were purchased</td></tr>
<tr><td>4334899200150</td><td>2021-12-22T13:25:14.586Z	</td><td>ERROR - Couldn't refund order</td><td>Quantity cannot refund more items than were purchased</td></tr>
<tr><td>4310132949142</td><td>2021-12-22T11:35:09.748Z	</td><td>ERROR - Couldn't refund order</td><td>Quantity cannot refund more items than were purchased</td></tr>
<tr><td>4325655543958</td><td>2021-12-22T13:05:03.766Z	</td><td>ERROR - Couldn't refund order</td><td>Quantity cannot refund more items than were purchased</td></tr>
<tr><td>4342473982102</td><td>2021-12-22T13:05:36.989Z	</td><td>ERROR - Couldn't refund order</td><td>Quantity cannot refund more items than were purchased</td></tr>
<tr><td>4331963678870</td><td>2021-12-20T15:10:29.483Z	</td><td>ERROR - Couldn't refund order</td><td>Refund amount 135,50€ is greater than net payment received 125,00€</td></tr>
<tr><td>4309918613654</td><td>2021-12-22T13:40:13.976Z	</td><td>ERROR - Couldn't refund order</td><td></td></tr>
<tr><td>4311480631446</td><td>2021-12-23T10:25:04.339Z	</td><td>ERROR - Couldn't refund order</td><td>Quantity cannot refund more items than were purchased</td></tr>
<tr><td>4289137803414</td><td>2021-12-23T10:50:03.899Z	</td><td>ERROR - Couldn't refund order</td><td>Quantity cannot refund more items than were purchased</td></tr>
<tr><td>4328091058326</td><td>2021-12-23T10:50:05.395Z	</td><td>ERROR - Couldn't refund order</td><td>Quantity cannot refund more items than were purchased</td></tr>
<tr><td>4332478038166</td><td>2021-12-23T10:50:06.679Z	</td><td>ERROR - Couldn't refund order</td><td>Quantity cannot refund more items than were purchased</td></tr>
<tr><td>4340260339862</td><td>2021-12-22T13:55:10.111Z	</td><td>ERROR - Couldn't refund order</td><td>Quantity cannot refund more items than were purchased</td></tr>
<tr><td>4313107136662</td><td>2021-12-23T10:55:04.505Z	</td><td>ERROR - Couldn't refund order</td><td>Quantity cannot refund more items than were purchased</td></tr>
<tr><td>4329040347286</td><td>2021-12-23T11:05:03.669Z	</td><td>ERROR - Couldn't refund order</td><td>Quantity cannot refund more items than were purchased</td></tr>
<tr><td>4325258494102</td><td>2021-12-23T11:10:04.375Z	</td><td>ERROR - Couldn't refund order</td><td>Quantity cannot refund more items than were purchased</td></tr>
<tr><td>4321209745558</td><td>2021-12-23T13:15:09.279Z	</td><td>ERROR - Couldn't refund order</td><td>Quantity cannot refund more items than were purchased</td></tr>
<tr><td>4341665071254</td><td>2021-12-22T13:30:11.006Z	</td><td>ERROR - Couldn't refund order</td><td>Quantity cannot refund more items than were purchased</td></tr>
<tr><td>4335589752982</td><td>2021-12-23T14:00:11.195Z	</td><td>ERROR - Couldn't refund order</td><td>Quantity cannot refund more items than were purchased</td></tr>
<tr><td>4270838448278</td><td>2021-12-23T13:40:04.115Z	</td><td>ERROR - Couldn't refund order</td><td>Refund amount 153,76€ is greater than net payment received 100,00€</td></tr>
<tr><td>4327952908438</td><td>2021-12-24T08:35:04.228Z	</td><td>ERROR - Couldn't refund order</td><td>Refund amount 129,00€ is greater than net payment received 100,00€</td></tr>
<tr><td>4293287837846</td><td>2021-12-24T09:20:03.808Z	</td><td>ERROR - Couldn't refund order</td><td>Quantity cannot refund more items than were purchased</td></tr>
<tr><td>4355967811734</td><td>2021-12-27T08:40:22.409Z	</td><td>ERROR - Couldn't refund order</td><td>Refund amount 160,00€ is greater than net payment received 50,00€</td></tr>
<tr><td>4338751537302</td><td>2021-12-27T08:50:03.227Z	</td><td>ERROR - Couldn't refund order</td><td></td></tr>
<tr><td>4353450442902</td><td>2021-12-28T10:00:13.873Z	</td><td>ERROR - Couldn't refund order</td><td>Quantity cannot refund more items than were purchased</td></tr>
<tr><td>4351224152214</td><td>2021-12-28T10:25:09.588Z	</td><td>ERROR - Couldn't refund order</td><td>Quantity cannot refund more items than were purchased</td></tr>
<tr><td>4336533831830</td><td>2021-12-28T10:30:12.963Z	</td><td>ERROR - Couldn't refund order</td><td>Quantity cannot refund more items than were purchased</td></tr>
<tr><td>4354307063958</td><td>2021-12-28T10:30:34.582Z	</td><td>ERROR - Couldn't refund order</td><td>Refund amount 155,00€ is greater than net payment received 75,00€</td></tr>
<tr><td>4352097878166</td><td>2021-12-28T10:40:07.243Z	</td><td>ERROR - Couldn't refund order</td><td>Quantity cannot refund more items than were purchased</td></tr>
<tr><td>4358823477398</td><td>2021-12-28T10:45:27.719Z	</td><td>ERROR - Couldn't refund order</td><td>Quantity cannot refund more items than were purchased</td></tr>
<tr><td>4342489186454</td><td>2021-12-28T11:30:50.784Z	</td><td>ERROR - Couldn't refund order</td><td>Quantity cannot refund more items than were purchased</td></tr>
<tr><td>4355395354774</td><td>2021-12-28T13:55:16.192Z	</td><td>ERROR - Couldn't refund order</td><td></td></tr>
<tr><td>4333129171094</td><td>2021-12-29T11:25:04.077Z	</td><td>ERROR - Couldn't refund order</td><td>Refund amount 120,00€ is greater than net payment received 75,00€</td></tr>
<tr><td>4345324863638</td><td>2021-12-29T12:25:02.923Z	</td><td>ERROR - Couldn't refund order</td><td>Refund amount 145,00€ is greater than net payment received 50,00€</td></tr>
<tr><td>4331923406998</td><td>2021-12-29T13:35:04.194Z	</td><td>ERROR - Couldn't refund order</td><td></td></tr>
<tr><td>4342706503830</td><td>2021-12-29T14:05:10.678Z	</td><td>ERROR - Couldn't refund order</td><td>Quantity cannot refund more items than were purchased</td></tr>
<tr><td>4278053437590</td><td>2021-12-29T14:15:06.191Z	</td><td>ERROR - Couldn't refund order</td><td>Quantity cannot refund more items than were purchased</td></tr>
<tr><td>4327570374806</td><td>2021-12-23T13:55:03.713Z	</td><td>ERROR - Couldn't refund order</td><td>Quantity cannot refund more items than were purchased</td></tr>
<tr><td>4368470573206</td><td>2022-01-03T12:35:05.856Z	</td><td>ERROR - Couldn't refund order</td><td>Quantity cannot refund more items than were purchased</td></tr>
<tr><td>4354174484630</td><td>2022-01-03T12:50:27.955Z	</td><td>ERROR - Couldn't refund order</td><td>Refund amount 160,00€ is greater than net payment received 150,00€</td></tr>
<tr><td>4357637931158</td><td>2021-12-31T10:40:03.890Z	</td><td>ERROR - Couldn't refund order</td><td>Quantity cannot refund more items than were purchased</td></tr>
<tr><td>4341499658390</td><td>2022-01-03T14:40:26.405Z	</td><td>ERROR - Couldn't refund order</td><td>Refund amount 144,00€ is greater than net payment received 50,00€</td></tr>
<tr><td>4357424218262</td><td>2022-01-03T14:50:03.346Z	</td><td>ERROR - Couldn't refund order</td><td>Quantity cannot refund more items than were purchased</td></tr>
<tr><td>4361944989846</td><td>2022-01-03T14:50:10.021Z	</td><td>ERROR - Couldn't refund order</td><td></td></tr>
<tr><td>4356038459542</td><td>2022-01-03T11:10:07.203Z	</td><td>ERROR - Couldn't refund order</td><td>Refund amount 260,00€ is greater than net payment received 100,00€</td></tr>
<tr><td>4340243923094</td><td>2022-01-04T08:50:03.964Z	</td><td>ERROR - Couldn't refund order</td><td>Quantity cannot refund more items than were purchased</td></tr>
<tr><td>4355705667734</td><td>2022-01-04T08:50:05.332Z	</td><td>ERROR - Couldn't refund order</td><td>Quantity cannot refund more items than were purchased</td></tr>
<tr><td>4378748878998</td><td>2022-01-04T14:45:23.675Z	</td><td>ERROR - Couldn't refund order</td><td>Refund amount 324,00€ is greater than net payment received 300,00€</td></tr>
<tr><td>4341503918230</td><td>2022-01-05T07:35:16.604Z	</td><td>ERROR - Couldn't refund order</td><td>Refund amount 40,00€ is greater than net payment received 36,00€</td></tr>
<tr><td>4362213949590</td><td>2022-01-05T08:10:07.791Z	</td><td>ERROR - Couldn't refund order</td><td>Quantity cannot refund more items than were purchased</td></tr>
<tr><td>4341494808726</td><td>2022-01-05T08:20:03.573Z	</td><td>ERROR - Couldn't refund order</td><td>Quantity cannot refund more items than were purchased</td></tr>
<tr><td>4334560706710</td><td>2022-01-05T08:40:25.688Z	</td><td>ERROR - Couldn't refund order</td><td>Refund amount 149,00€ is greater than net payment received 134,50€</td></tr>
<tr><td>4312652939414</td><td>2022-01-05T10:00:05.092Z	</td><td>ERROR - Couldn't refund order</td><td>Transaction cannot be refunded</td></tr>
<tr><td>4365448282262</td><td>2022-01-05T10:05:12.543Z	</td><td>ERROR - Couldn't refund order</td><td>Refund amount 145,00€ is greater than net payment received 50,00€</td></tr>
<tr><td>4348142780566</td><td>2022-01-05T11:25:22.415Z	</td><td>ERROR - Couldn't refund order</td><td>Quantity cannot refund more items than were purchased</td></tr>
<tr><td>4340547190934</td><td>2022-01-07T08:10:06.035Z	</td><td>ERROR - Couldn't refund order</td><td>Quantity cannot refund more items than were purchased</td></tr>
<tr><td>4371467763862</td><td>2022-01-07T08:30:36.826Z	</td><td>ERROR - Couldn't refund order</td><td></td></tr>
<tr><td>4373012742294</td><td>2022-01-07T11:05:14.992Z	</td><td>ERROR - Couldn't refund order</td><td></td></tr>
<tr><td>4354317385878</td><td>2022-01-10T08:05:03.284Z	</td><td>ERROR - Couldn't refund order</td><td>Quantity cannot refund more items than were purchased</td></tr>
<tr><td>4347353530518</td><td>2022-01-10T08:10:03.545Z	</td><td>ERROR - Couldn't refund order</td><td>Quantity cannot refund more items than were purchased</td></tr>
<tr><td>4347702771862</td><td>2022-01-10T08:10:15.268Z	</td><td>ERROR - Couldn't refund order</td><td>Quantity cannot refund more items than were purchased</td></tr>
<tr><td>4355298001046</td><td>2022-01-11T13:35:29.106Z	</td><td>ERROR - Couldn't refund order</td><td>Quantity cannot refund more items than were purchased</td></tr>
<tr><td>4341806923926</td><td>2022-01-11T14:15:26.710Z	</td><td>ERROR - Couldn't refund order</td><td>Quantity cannot refund more items than were purchased</td></tr>
<tr><td>4364184223894</td><td>2022-01-11T14:25:14.347Z	</td><td>ERROR - Couldn't refund order</td><td>Quantity cannot refund more items than were purchased</td></tr>
<tr><td>4375139614870</td><td>2022-01-11T14:35:22.686Z	</td><td>ERROR - Couldn't refund order</td><td>Quantity cannot refund more items than were purchased</td></tr>
<tr><td>4342717743254</td><td>2022-01-12T14:05:05.135Z	</td><td>ERROR - Couldn't refund order</td><td>Quantity cannot refund more items than were purchased</td></tr>
<tr><td>4378557022358</td><td>2022-01-12T14:00:32.984Z	</td><td>ERROR - Couldn't refund order</td><td></td></tr>
<tr><td>4371217744022</td><td>2022-01-12T14:15:09.067Z	</td><td>ERROR - Couldn't refund order</td><td>Quantity cannot refund more items than were purchased</td></tr>
<tr><td>4342396485782</td><td>2022-01-12T14:05:22.872Z	</td><td>ERROR - Couldn't refund order</td><td>Quantity cannot refund more items than were purchased</td></tr>
<tr><td>4361835937942</td><td>2022-01-12T14:15:10.762Z	</td><td>ERROR - Couldn't refund order</td><td></td></tr>
<tr><td>4374682730646</td><td>2022-01-12T14:15:22.324Z	</td><td>ERROR - Couldn't refund order</td><td>Quantity cannot refund more items than were purchased</td></tr>
<tr><td>4368305651862</td><td>2022-01-12T14:25:03.634Z	</td><td>ERROR - Couldn't refund order</td><td>Quantity cannot refund more items than were purchased</td></tr>
<tr><td>4353410531478</td><td>2022-01-12T14:25:16.071Z	</td><td>ERROR - Couldn't refund order</td><td>Refund amount 145,00€ is greater than net payment received 125,00€</td></tr>
<tr><td>4368789209238</td><td>2022-01-12T14:55:21.781Z	</td><td>ERROR - Couldn't refund order</td><td></td></tr>
<tr><td>4359052492950</td><td>2022-01-13T07:10:10.206Z	</td><td>ERROR - Couldn't refund order</td><td>Quantity cannot refund more items than were purchased</td></tr>
<tr><td>4368332161174</td><td>2022-01-13T07:15:16.071Z	</td><td>ERROR - Couldn't refund order</td><td>Quantity cannot refund more items than were purchased</td></tr>
<tr><td>4345926484118</td><td>2022-01-13T07:20:05.167Z	</td><td>ERROR - Couldn't refund order</td><td>Refund line items cannot refund more than refundable quantity</td></tr>
<tr><td>4382384062614</td><td>2022-01-13T07:20:06.813Z	</td><td>ERROR - Couldn't refund order</td><td>Quantity cannot refund more items than were purchased</td></tr>
<tr><td>4352335970454</td><td>2022-01-12T14:40:39.499Z	</td><td>ERROR - Couldn't refund order</td><td>Quantity cannot refund more items than were purchased</td></tr>
<tr><td>4381679157398</td><td>2022-01-13T11:15:08.650Z	</td><td>ERROR - Couldn't refund order</td><td>Refund amount 110,00€ is greater than net payment received 25,00€</td></tr>
<tr><td>4379077017750</td><td>2022-01-13T11:25:22.607Z	</td><td>ERROR - Couldn't refund order</td><td>Quantity cannot refund more items than were purchased</td></tr>
<tr><td>4303974891670</td><td>2022-01-13T11:25:23.901Z	</td><td>ERROR - Couldn't refund order</td><td>Quantity cannot refund more items than were purchased</td></tr>
<tr><td>4360030158998</td><td>2022-01-13T11:05:24.678Z	</td><td>ERROR - Couldn't refund order</td><td>Quantity cannot refund more items than were purchased</td></tr>
<tr><td>4375387504790</td><td>2022-01-13T12:45:33.059Z	</td><td>ERROR - Couldn't refund order</td><td>Quantity cannot refund more items than were purchased</td></tr>
<tr><td>4352636190870</td><td>2022-01-13T12:40:05.264Z	</td><td>ERROR - Couldn't refund order</td><td>Quantity cannot refund more items than were purchased</td></tr>
<tr><td>4368426107030</td><td>2022-01-13T14:15:03.529Z	</td><td>ERROR - Couldn't refund order</td><td>Quantity cannot refund more items than were purchased</td></tr>
<tr><td>4360028520598</td><td>2022-01-13T14:35:03.474Z	</td><td>ERROR - Couldn't refund order</td><td>Quantity cannot refund more items than were purchased</td></tr>
<tr><td>4338189959318</td><td>2022-01-13T13:55:03.596Z	</td><td>ERROR - Couldn't refund order</td><td></td></tr>
<tr><td>4343999856790</td><td>2022-01-13T14:40:10.492Z	</td><td>ERROR - Couldn't refund order</td><td>Quantity cannot refund more items than were purchased</td></tr>
<tr><td>4371762708630</td><td>2022-01-14T09:40:02.912Z	</td><td>ERROR - Couldn't refund order</td><td></td></tr>
<tr><td>4313556910230</td><td>2022-01-14T09:45:11.423Z	</td><td>ERROR - Couldn't refund order</td><td>Quantity cannot refund more items than were purchased</td></tr>
<tr><td>4363356766358</td><td>2022-01-14T09:45:13.073Z	</td><td>ERROR - Couldn't refund order</td><td>Quantity cannot refund more items than were purchased</td></tr>
<tr><td>4312677646486</td><td>2022-01-14T09:50:03.453Z	</td><td>ERROR - Couldn't refund order</td><td>Quantity cannot refund more items than were purchased</td></tr>
<tr><td>4312599494806</td><td>2022-01-14T09:55:03.748Z	</td><td>ERROR - Couldn't refund order</td><td>Quantity cannot refund more items than were purchased</td></tr>
<tr><td>4342252470422</td><td>2022-01-14T09:55:05.048Z	</td><td>ERROR - Couldn't refund order</td><td>Quantity cannot refund more items than were purchased</td></tr>
<tr><td>4367221719190</td><td>2022-01-14T10:00:07.456Z	</td><td>ERROR - Couldn't refund order</td><td>Quantity cannot refund more items than were purchased</td></tr>
<tr><td>4337135943830</td><td>2022-01-14T10:05:04.465Z	</td><td>ERROR - Couldn't refund order</td><td>Quantity cannot refund more items than were purchased</td></tr>
<tr><td>4337164976278</td><td>2022-01-14T10:00:06.191Z	</td><td>ERROR - Couldn't refund order</td><td>Quantity cannot refund more items than were purchased</td></tr>
<tr><td>4358424297622</td><td>2022-01-14T09:55:06.287Z	</td><td>ERROR - Couldn't refund order</td><td>Refund amount 320,00€ is greater than net payment received 160,00€</td></tr>
<tr><td>4358472171670</td><td>2022-01-14T09:55:07.559Z	</td><td>ERROR - Couldn't refund order</td><td>Quantity cannot refund more items than were purchased</td></tr>
<tr><td>4340060749974</td><td>2022-01-14T10:05:05.727Z	</td><td>ERROR - Couldn't refund order</td><td>Quantity cannot refund more items than were purchased</td></tr>
<tr><td>4347587494038</td><td>2022-01-14T10:05:07.378Z	</td><td>ERROR - Couldn't refund order</td><td>Quantity cannot refund more items than were purchased</td></tr>
<tr><td>4346992689302</td><td>2022-01-14T10:05:09.022Z	</td><td>ERROR - Couldn't refund order</td><td>Quantity cannot refund more items than were purchased</td></tr>
<tr><td>4340430864534</td><td>2022-01-14T10:15:09.113Z	</td><td>ERROR - Couldn't refund order</td><td>Quantity cannot refund more items than were purchased</td></tr>
<tr><td>4347212267670</td><td>2022-01-14T10:20:04.173Z	</td><td>ERROR - Couldn't refund order</td><td>Quantity cannot refund more items than were purchased</td></tr>
<tr><td>4364842008726</td><td>2022-01-14T10:20:05.433Z	</td><td>ERROR - Couldn't refund order</td><td>Quantity cannot refund more items than were purchased</td></tr>
<tr><td>4375172513942</td><td>2022-01-14T10:20:06.777Z	</td><td>ERROR - Couldn't refund order</td><td>Quantity cannot refund more items than were purchased</td></tr>
<tr><td>4330616029334</td><td>2022-01-14T10:25:04.017Z	</td><td>ERROR - Couldn't refund order</td><td>Quantity cannot refund more items than were purchased</td></tr>
<tr><td>4373312143510</td><td>2022-01-14T10:30:05.102Z	</td><td>ERROR - Couldn't refund order</td><td></td></tr>
<tr><td>4387507568790</td><td>2022-01-14T12:30:32.851Z	</td><td>ERROR - Couldn't refund order</td><td>Quantity cannot refund more items than were purchased</td></tr>
<tr><td>4378222592150</td><td>2022-01-14T10:15:06.441Z	</td><td>ERROR - Couldn't refund order</td><td>Quantity cannot refund more items than were purchased</td></tr>
<tr><td>4383197757590</td><td>2022-01-17T12:45:18.691Z	</td><td>ERROR - Couldn't refund order</td><td></td></tr>
<tr><td>4359224426646</td><td>2022-01-14T10:05:10.244Z	</td><td>ERROR - Couldn't refund order</td><td>Quantity cannot refund more items than were purchased</td></tr>
<tr><td>4356082565270</td><td>2022-01-14T12:50:04.771Z	</td><td>ERROR - Couldn't refund order</td><td>Refund amount 135,00€ is greater than net payment received 75,00€</td></tr>
<tr><td>4363490885782</td><td>2022-01-14T10:15:07.833Z	</td><td>ERROR - Couldn't refund order</td><td>Quantity cannot refund more items than were purchased</td></tr>
<tr><td>4375339106454</td><td>2022-01-17T12:55:18.016Z	</td><td>ERROR - Couldn't refund order</td><td>Quantity cannot refund more items than were purchased</td></tr>
<tr><td>4343553360022</td><td>2022-01-17T12:55:44.681Z	</td><td>ERROR - Couldn't refund order</td><td>Quantity cannot refund more items than were purchased</td></tr>
<tr><td>4381575151766</td><td>2022-01-17T13:00:19.709Z	</td><td>ERROR - Couldn't refund order</td><td>Quantity cannot refund more items than were purchased</td></tr>
<tr><td>4350676304022</td><td>2022-01-17T13:00:26.972Z	</td><td>ERROR - Couldn't refund order</td><td>Quantity cannot refund more items than were purchased</td></tr>
<tr><td>4382268457110</td><td>2022-01-17T13:10:04.736Z	</td><td>ERROR - Couldn't refund order</td><td>Quantity cannot refund more items than were purchased</td></tr>
<tr><td>4371398721686</td><td>2022-01-17T13:15:04.303Z	</td><td>ERROR - Couldn't refund order</td><td>Quantity cannot refund more items than were purchased</td></tr>
<tr><td>4319169872022</td><td>2022-01-17T13:00:33.822Z	</td><td>ERROR - Couldn't refund order</td><td></td></tr>
<tr><td>4368560455830</td><td>2022-01-17T13:20:17.459Z	</td><td>ERROR - Couldn't refund order</td><td>An error occurred while processing your request</td></tr>
<tr><td>4383730925718</td><td>2022-01-17T14:00:18.707Z	</td><td>ERROR - Couldn't refund order</td><td></td></tr>
<tr><td>4376514134166</td><td>2022-01-17T14:40:04.934Z	</td><td>ERROR - Couldn't refund order</td><td>Quantity cannot refund more items than were purchased</td></tr>
<tr><td>4372916863126</td><td>2022-01-17T13:55:15.877Z	</td><td>ERROR - Couldn't refund order</td><td>Quantity cannot refund more items than were purchased</td></tr>
<tr><td>4392241135766</td><td>2022-01-17T14:10:15.801Z	</td><td>ERROR - Couldn't refund order</td><td></td></tr>
<tr><td>4393639542934</td><td>2022-01-17T14:15:11.270Z	</td><td>ERROR - Couldn't refund order</td><td>Refund amount 95,00€ is greater than net payment received 50,00€</td></tr>
<tr><td>4370748309654</td><td>2022-01-18T07:55:05.180Z	</td><td>ERROR - Couldn't refund order</td><td>Quantity cannot refund more items than were purchased</td></tr>
<tr><td>4381895491734</td><td>2022-01-18T07:20:24.499Z	</td><td>ERROR - Couldn't refund order</td><td>Refund amount 160,00€ is greater than net payment received 50,00€</td></tr>
<tr><td>4387977134230</td><td>2022-01-18T07:30:20.803Z	</td><td>ERROR - Couldn't refund order</td><td>Quantity cannot refund more items than were purchased</td></tr>
<tr><td>4379505557654</td><td>2022-01-18T07:35:30.985Z	</td><td>ERROR - Couldn't refund order</td><td>Quantity cannot refund more items than were purchased</td></tr>
<tr><td>4375426072726</td><td>2022-01-18T08:45:07.025Z	</td><td>ERROR - Couldn't refund order</td><td>Quantity cannot refund more items than were purchased</td></tr>
<tr><td>4378524385430</td><td>2022-01-18T09:25:04.949Z	</td><td>ERROR - Couldn't refund order</td><td>Quantity cannot refund more items than were purchased</td></tr>
<tr><td>4376334139542</td><td>2022-01-18T10:10:13.585Z	</td><td>ERROR - Couldn't refund order</td><td>Quantity cannot refund more items than were purchased</td></tr>
<tr><td>4376477008022</td><td>2022-01-18T09:25:06.766Z	</td><td>ERROR - Couldn't refund order</td><td>Quantity cannot refund more items than were purchased</td></tr>
<tr><td>4388914331798</td><td>2022-01-18T11:05:20.301Z	</td><td>ERROR - Couldn't refund order</td><td>Quantity cannot refund more items than were purchased</td></tr>
<tr><td>4360919253142</td><td>2022-01-18T10:55:03.495Z	</td><td>ERROR - Couldn't refund order</td><td>Quantity cannot refund more items than were purchased</td></tr>
<tr><td>4370048843926</td><td>2022-01-18T13:00:05.138Z	</td><td>ERROR - Couldn't refund order</td><td></td></tr>
<tr><td>4394290839702</td><td>2022-01-18T12:55:15.587Z	</td><td>ERROR - Couldn't refund order</td><td>Refund amount 164,00€ is greater than net payment received 148,00€</td></tr>
<tr><td>4343506436246</td><td>2022-01-19T09:15:07.558Z	</td><td>ERROR - Couldn't refund order</td><td>An error occurred while processing your request</td></tr>
<tr><td>4370377638038</td><td>2022-01-19T10:40:16.257Z	</td><td>ERROR - Couldn't refund order</td><td>Refund amount 57,00€ is greater than net payment received 45,00€</td></tr>
<tr><td>4396162580630</td><td>2022-01-19T13:40:13.264Z	</td><td>ERROR - Couldn't refund order</td><td>An error occurred while processing your request</td></tr>
<tr><td>4348316942486</td><td>2022-01-19T14:10:08.524Z	</td><td>ERROR - Couldn't refund order</td><td>Quantity cannot refund more items than were purchased</td></tr>
<tr><td>4359311622294</td><td>2022-01-18T13:05:05.219Z	</td><td>ERROR - Couldn't refund order</td><td>Quantity cannot refund more items than were purchased</td></tr>
